Release 14.7 Map P.20131013 (nt64)
Xilinx Mapping Report File for Design 'okHost'

Design Information
------------------
Command Line   : map -intstyle ise -p xc6slx45-fgg484-2 -w -logic_opt off -ol
high -t 1 -xt 0 -register_duplication off -r 4 -global_opt off -mt off -ir off
-pr off -lc off -power off -o okHost_map.ncd okHost.ngd okHost.pcf 
Target Device  : xc6slx45
Target Package : fgg484
Target Speed   : -2
Mapper Version : spartan6 -- $Revision: 1.55 $
Mapped Date    : Tue Jun 06 11:40:55 2017

Design Summary
--------------
Number of errors   :   1
Number of warnings :   0

Section 1 - Errors
------------------
ERROR:Security:9c - No 'ISE' nor 'WebPack' feature version 2013.10 was available
for part 'xc6slx45'.
ERROR:Map:258 - A problem was encountered attempting to get the license for this
   architecture. 

Section 2 - Warnings
--------------------
WARNING:Security:43 - No license file was found in the standard Xilinx license
directory.
WARNING:Security:44 - Since no license file was found,

Section 3 - Informational
-------------------------
INFO:Security:50 - The XILINXD_LICENSE_FILE environment variable is set to
'6062@localhost'.
INFO:Security:53 - The LM_LICENSE_FILE environment variable is not set.
INFO:Security:54 - 'xc6slx45' is a WebPack part.
INFO:Security:68a - user is Jackie, on host DESKTOP-NO742GG.
