#:C269   
#Xilinx FPGA Editor Command Log File
#Editor Version:
#:V   NT M2.1 P.20131013
#Current Working Directory:
#:D   D:\MBImager\MBImager_full
#Date/Time:
#:T   Tue Jun 20 17:21:36 2017
#------------------------------
	#Reading MB_top.ncd...
	#Loading device for application Rf_Device from file '6slx25t.nph' in environment D:\ISE\14.7\ISE_DS\ISE\.
	#   "MB_top" is an NCD, version 3.2, device xc6slx25t, package fgg484, speed -3
	#Design creation date: 2017.06.20.21.01.47
	#Building chip graphics...
	#Loading speed info...
	#BRAM initialization data is updated without the data file.
	#1
setattr main edit-mode no-logic-changes
	#2
select -k comp 'fifo_dout_valid'
	#3
unselect comp 'fifo_dout_valid'
	#4
select -k comp 'fifo_dout_valid_OBUF'
	#5
select -k comp 'fifo_inst_4kB/U0/xst_fifo_generator/gconvfifo.rf/grf.rf/gntv_or_sync_fifo.gcx.clkx/gsync_stage[1].rd_stg_inst/D<5>'
	#6
select -k comp 'fifo_inst_4kB/U0/xst_fifo_generator/gconvfifo.rf/grf.rf/gntv_or_sync_fifo.gcx.clkx/gsync_stage[1].rd_stg_inst/D<12>'
	#7
select -k comp 'fifo_inst_4kB/U0/xst_fifo_generator/gconvfifo.rf/grf.rf/gntv_or_sync_fifo.gcx.clkx/gsync_stage[1].wr_stg_inst/D<5>'
	#8
select -k comp 'fifo_inst_4kB/U0/xst_fifo_generator/gconvfifo.rf/grf.rf/gntv_or_sync_fifo.gcx.clkx/gsync_stage[1].wr_stg_inst/D<12>'
	#9
select -k comp 'fifo_inst_4kB/U0/xst_fifo_generator/gconvfifo.rf/grf.rf/gntv_or_sync_fifo.gcx.clkx/gsync_stage[2].rd_stg_inst/D<3>'
	#10
select -k comp 'fifo_inst_4kB/U0/xst_fifo_generator/gconvfifo.rf/grf.rf/gntv_or_sync_fifo.gcx.clkx/gsync_stage[2].rd_stg_inst/D<11>'
	#11
select -k comp 'fifo_inst_4kB/U0/xst_fifo_generator/gconvfifo.rf/grf.rf/gntv_or_sync_fifo.gcx.clkx/gsync_stage[2].rd_stg_inst/Q_reg<3>'
	#12
select -k comp 'fifo_inst_4kB/U0/xst_fifo_generator/gconvfifo.rf/grf.rf/gntv_or_sync_fifo.gcx.clkx/gsync_stage[2].rd_stg_inst/Q_reg<7>'
	#13
select -k comp 'fifo_inst_4kB/U0/xst_fifo_generator/gconvfifo.rf/grf.rf/gntv_or_sync_fifo.gcx.clkx/gsync_stage[2].rd_stg_inst/Q_reg<11>'
	#14
select -k comp 'fifo_inst_4kB/U0/xst_fifo_generator/gconvfifo.rf/grf.rf/gntv_or_sync_fifo.gcx.clkx/gsync_stage[2].wr_stg_inst/D<3>'
	#15
select -k comp 'fifo_inst_4kB/U0/xst_fifo_generator/gconvfifo.rf/grf.rf/gntv_or_sync_fifo.gcx.clkx/gsync_stage[2].wr_stg_inst/D<7>'
	#16
select -k comp 'fifo_inst_4kB/U0/xst_fifo_generator/gconvfifo.rf/grf.rf/gntv_or_sync_fifo.gcx.clkx/gsync_stage[2].wr_stg_inst/D<14>'
	#17
select -k comp 'fifo_inst_4kB/U0/xst_fifo_generator/gconvfifo.rf/grf.rf/gntv_or_sync_fifo.gcx.clkx/gsync_stage[2].wr_stg_inst/Q_reg<3>'
	#18
select -k comp 'fifo_inst_4kB/U0/xst_fifo_generator/gconvfifo.rf/grf.rf/gntv_or_sync_fifo.gcx.clkx/gsync_stage[2].wr_stg_inst/Q_reg<11>'
	#19
select -k comp 'fifo_inst_4kB/U0/xst_fifo_generator/gconvfifo.rf/grf.rf/gntv_or_sync_fifo.gcx.clkx/gsync_stage[2].wr_stg_inst/Q_reg<14>'
	#20
select -k comp 'fifo_inst_4kB/U0/xst_fifo_generator/gconvfifo.rf/grf.rf/gntv_or_sync_fifo.gcx.clkx/rd_pntr_bin<4>'
	#21
select -k comp 'fifo_inst_4kB/U0/xst_fifo_generator/gconvfifo.rf/grf.rf/gntv_or_sync_fifo.gcx.clkx/rd_pntr_bin<5>'
	#22
select -k comp 'fifo_inst_4kB/U0/xst_fifo_generator/gconvfifo.rf/grf.rf/gntv_or_sync_fifo.gcx.clkx/rd_pntr_bin<9>'
	#23
select -k comp 'fifo_inst_4kB/U0/xst_fifo_generator/gconvfifo.rf/grf.rf/gntv_or_sync_fifo.gcx.clkx/rd_pntr_bin<14>'
	#24
select -k comp 'fifo_inst_4kB/U0/xst_fifo_generator/gconvfifo.rf/grf.rf/gntv_or_sync_fifo.gcx.clkx/wr_pntr_bin<2>'
	#25
select -k comp 'fifo_inst_4kB/U0/xst_fifo_generator/gconvfifo.rf/grf.rf/gntv_or_sync_fifo.gcx.clkx/wr_pntr_bin<3>'
	#26
select -k comp 'fifo_inst_4kB/U0/xst_fifo_generator/gconvfifo.rf/grf.rf/gntv_or_sync_fifo.gcx.clkx/wr_pntr_bin<7>'
	#27
select -k comp 'fifo_inst_4kB/U0/xst_fifo_generator/gconvfifo.rf/grf.rf/gntv_or_sync_fifo.gcx.clkx/wr_pntr_bin<12>'
	#28
select -k comp 'fifo_inst_4kB/U0/xst_fifo_generator/gconvfifo.rf/grf.rf/gntv_or_sync_fifo.gcx.clkx/wr_pntr_gc_asreg_last[12]_reduce_xor_161_xo<0>'
	#29
select -k comp 'fifo_inst_4kB/U0/xst_fifo_generator/gconvfifo.rf/grf.rf/gntv_or_sync_fifo.gl0.rd/gr1.rfwft/aempty_fwft_fb'
	#30
select -k comp 'fifo_inst_4kB/U0/xst_fifo_generator/gconvfifo.rf/grf.rf/gntv_or_sync_fifo.gl0.rd/gr1.rfwft/aempty_fwft_i'
	#31
select -k comp 'fifo_inst_4kB/U0/xst_fifo_generator/gconvfifo.rf/grf.rf/gntv_or_sync_fifo.gl0.rd/gr1.rfwft/empty_fwft_fb'
	#32
select -k comp 'fifo_inst_4kB/U0/xst_fifo_generator/gconvfifo.rf/grf.rf/gntv_or_sync_fifo.gl0.rd/gr1.rfwft/empty_fwft_i'
	#33
select -k comp 'fifo_inst_4kB/U0/xst_fifo_generator/gconvfifo.rf/grf.rf/gntv_or_sync_fifo.gl0.rd/gras.rsts/c0/gmux.carrynet<3>'
	#34
select -k comp 'fifo_inst_4kB/U0/xst_fifo_generator/gconvfifo.rf/grf.rf/gntv_or_sync_fifo.gl0.rd/gras.rsts/c1/gmux.carrynet<3>'
	#35
select -k comp 'fifo_inst_4kB/U0/xst_fifo_generator/gconvfifo.rf/grf.rf/gntv_or_sync_fifo.gl0.rd/gras.rsts/comp0'
	#36
select -k comp 'fifo_inst_4kB/U0/xst_fifo_generator/gconvfifo.rf/grf.rf/gntv_or_sync_fifo.gl0.rd/gras.rsts/comp1'
	#37
select -k comp 'fifo_inst_4kB/U0/xst_fifo_generator/gconvfifo.rf/grf.rf/gntv_or_sync_fifo.gl0.rd/rpntr/gc1.count<3>'
	#38
select -k comp 'fifo_inst_4kB/U0/xst_fifo_generator/gconvfifo.rf/grf.rf/gntv_or_sync_fifo.gl0.rd/rpntr/gc1.count<7>'
	#39
select -k comp 'fifo_inst_4kB/U0/xst_fifo_generator/gconvfifo.rf/grf.rf/gntv_or_sync_fifo.gl0.rd/rpntr/gc1.count<11>'
	#40
select -k comp 'fifo_inst_4kB/U0/xst_fifo_generator/gconvfifo.rf/grf.rf/gntv_or_sync_fifo.gl0.rd/rpntr/gc1.count<14>'
	#41
select -k comp 'fifo_inst_4kB/U0/xst_fifo_generator/gconvfifo.rf/grf.rf/gntv_or_sync_fifo.gl0.rd/rpntr/gc1.count_d1<5>'
	#42
select -k comp 'fifo_inst_4kB/U0/xst_fifo_generator/gconvfifo.rf/grf.rf/gntv_or_sync_fifo.gl0.rd/rpntr/gc1.count_d1<13>'
	#43
select -k comp 'fifo_inst_4kB/U0/xst_fifo_generator/gconvfifo.rf/grf.rf/gntv_or_sync_fifo.gl0.rd/rpntr/gc1.count_d1<14>'
	#44
select -k comp 'fifo_inst_4kB/U0/xst_fifo_generator/gconvfifo.rf/grf.rf/gntv_or_sync_fifo.gl0.rd/rpntr/gc1.count_d2<4>'
	#45
select -k comp 'fifo_inst_4kB/U0/xst_fifo_generator/gconvfifo.rf/grf.rf/gntv_or_sync_fifo.gl0.rd/rpntr/gc1.count_d2<8>'
	#46
select -k comp 'fifo_inst_4kB/U0/xst_fifo_generator/gconvfifo.rf/grf.rf/gntv_or_sync_fifo.gl0.rd/rpntr/gc1.count_d2<12>'
	#47
select -k comp 'fifo_inst_4kB/U0/xst_fifo_generator/gconvfifo.rf/grf.rf/gntv_or_sync_fifo.gl0.wr/gwas.wsts/c1/gmux.carrynet<3>'
	#48
select -k comp 'fifo_inst_4kB/U0/xst_fifo_generator/gconvfifo.rf/grf.rf/gntv_or_sync_fifo.gl0.wr/gwas.wsts/c2/gmux.carrynet<3>'
	#49
select -k comp 'fifo_inst_4kB/U0/xst_fifo_generator/gconvfifo.rf/grf.rf/gntv_or_sync_fifo.gl0.wr/gwas.wsts/comp1'
	#50
select -k comp 'fifo_inst_4kB/U0/xst_fifo_generator/gconvfifo.rf/grf.rf/gntv_or_sync_fifo.gl0.wr/gwas.wsts/comp1_GND_321_o_MUX_50_o'
	#51
select -k comp 'fifo_inst_4kB/U0/xst_fifo_generator/gconvfifo.rf/grf.rf/gntv_or_sync_fifo.gl0.wr/gwas.wsts/ram_full_fb_i'
	#52
select -k comp 'fifo_inst_4kB/U0/xst_fifo_generator/gconvfifo.rf/grf.rf/gntv_or_sync_fifo.gl0.wr/gwas.wsts/ram_full_i'
	#53
select -k comp 'fifo_inst_4kB/U0/xst_fifo_generator/gconvfifo.rf/grf.rf/gntv_or_sync_fifo.gl0.wr/ram_wr_en_i1'
	#54
select -k comp 'fifo_inst_4kB/U0/xst_fifo_generator/gconvfifo.rf/grf.rf/gntv_or_sync_fifo.gl0.wr/wpntr/gic0.gc0.count<3>'
	#55
select -k comp 'fifo_inst_4kB/U0/xst_fifo_generator/gconvfifo.rf/grf.rf/gntv_or_sync_fifo.gl0.wr/wpntr/gic0.gc0.count<7>'
	#56
select -k comp 'fifo_inst_4kB/U0/xst_fifo_generator/gconvfifo.rf/grf.rf/gntv_or_sync_fifo.gl0.wr/wpntr/gic0.gc0.count<11>'
	#57
select -k comp 'fifo_inst_4kB/U0/xst_fifo_generator/gconvfifo.rf/grf.rf/gntv_or_sync_fifo.gl0.wr/wpntr/gic0.gc0.count<12>'
	#58
select -k comp 'fifo_inst_4kB/U0/xst_fifo_generator/gconvfifo.rf/grf.rf/gntv_or_sync_fifo.gl0.wr/wpntr/gic0.gc0.count_d1<0>'
	#59
select -k comp 'fifo_inst_4kB/U0/xst_fifo_generator/gconvfifo.rf/grf.rf/gntv_or_sync_fifo.gl0.wr/wpntr/gic0.gc0.count_d1<4>'
	#60
select -k comp 'fifo_inst_4kB/U0/xst_fifo_generator/gconvfifo.rf/grf.rf/gntv_or_sync_fifo.gl0.wr/wpntr/gic0.gc0.count_d1<8>'
	#61
select -k comp 'fifo_inst_4kB/U0/xst_fifo_generator/gconvfifo.rf/grf.rf/gntv_or_sync_fifo.gl0.wr/wpntr/gic0.gc0.count_d2<9>'
	#62
select -k comp 'fifo_inst_4kB/U0/xst_fifo_generator/gconvfifo.rf/grf.rf/gntv_or_sync_fifo.gl0.wr/wpntr/gic0.gc0.count_d2<12>'
	#63
select -k comp 'fifo_inst_4kB/U0/xst_fifo_generator/gconvfifo.rf/grf.rf/gntv_or_sync_fifo.gl0.wr/wr_pntr_plus2<1>_inv'
	#64
select -k comp 'fifo_inst_4kB/U0/xst_fifo_generator/gconvfifo.rf/grf.rf/gntv_or_sync_fifo.mem/gbm.gbmg.gbmga.ngecc.bmg/gnativebmg.native_blk_mem_gen/valid.cstr/has_mux_b.B/sel_pipe<1>'
	#65
select -k comp 'fifo_inst_4kB/U0/xst_fifo_generator/gconvfifo.rf/grf.rf/gntv_or_sync_fifo.mem/gbm.gbmg.gbmga.ngecc.bmg/gnativebmg.native_blk_mem_gen/valid.cstr/ramloop[0].ram.r/s6_noinit.ram/SDP.SIMPLE_PRIM18.ram'
	#66
select -k comp 'fifo_inst_4kB/U0/xst_fifo_generator/gconvfifo.rf/grf.rf/gntv_or_sync_fifo.mem/gbm.gbmg.gbmga.ngecc.bmg/gnativebmg.native_blk_mem_gen/valid.cstr/ramloop[0].ram.ram_ena'
	#67
select -k comp 'fifo_inst_4kB/U0/xst_fifo_generator/gconvfifo.rf/grf.rf/gntv_or_sync_fifo.mem/gbm.gbmg.gbmga.ngecc.bmg/gnativebmg.native_blk_mem_gen/valid.cstr/ramloop[1].ram.r/s6_noinit.ram/SDP.SIMPLE_PRIM18.ram'
	#68
select -k comp 'fifo_inst_4kB/U0/xst_fifo_generator/gconvfifo.rf/grf.rf/gntv_or_sync_fifo.mem/gbm.gbmg.gbmga.ngecc.bmg/gnativebmg.native_blk_mem_gen/valid.cstr/ramloop[2].ram.r/s6_noinit.ram/SDP.SIMPLE_PRIM18.ram'
	#69
select -k comp 'fifo_inst_4kB/U0/xst_fifo_generator/gconvfifo.rf/grf.rf/gntv_or_sync_fifo.mem/gbm.gbmg.gbmga.ngecc.bmg/gnativebmg.native_blk_mem_gen/valid.cstr/ramloop[3].ram.r/s6_noinit.ram/SDP.SIMPLE_PRIM18.ram'
	#70
select -k comp 'fifo_inst_4kB/U0/xst_fifo_generator/gconvfifo.rf/grf.rf/gntv_or_sync_fifo.mem/gbm.gbmg.gbmga.ngecc.bmg/gnativebmg.native_blk_mem_gen/valid.cstr/ramloop[4].ram.r/s6_noinit.ram/SDP.SIMPLE_PRIM18.ram'
	#71
select -k comp 'fifo_inst_4kB/U0/xst_fifo_generator/gconvfifo.rf/grf.rf/gntv_or_sync_fifo.mem/gbm.gbmg.gbmga.ngecc.bmg/gnativebmg.native_blk_mem_gen/valid.cstr/ramloop[5].ram.r/s6_noinit.ram/SDP.SIMPLE_PRIM18.ram'
	#72
select -k comp 'fifo_inst_4kB/U0/xst_fifo_generator/gconvfifo.rf/grf.rf/gntv_or_sync_fifo.mem/gbm.gbmg.gbmga.ngecc.bmg/gnativebmg.native_blk_mem_gen/valid.cstr/ramloop[6].ram.r/s6_noinit.ram/SDP.SIMPLE_PRIM18.ram'
	#73
select -k comp 'fifo_inst_4kB/U0/xst_fifo_generator/gconvfifo.rf/grf.rf/gntv_or_sync_fifo.mem/gbm.gbmg.gbmga.ngecc.bmg/gnativebmg.native_blk_mem_gen/valid.cstr/ramloop[7].ram.r/s6_noinit.ram/SDP.SIMPLE_PRIM18.ram'
	#74
select -k comp 'fifo_inst_4kB/U0/xst_fifo_generator/gconvfifo.rf/grf.rf/gntv_or_sync_fifo.mem/gbm.gbmg.gbmga.ngecc.bmg/gnativebmg.native_blk_mem_gen/valid.cstr/ramloop[8].ram.r/s6_noinit.ram/SDP.SIMPLE_PRIM18.ram'
	#75
select -k comp 'fifo_inst_4kB/U0/xst_fifo_generator/gconvfifo.rf/grf.rf/gntv_or_sync_fifo.mem/gbm.gbmg.gbmga.ngecc.bmg/gnativebmg.native_blk_mem_gen/valid.cstr/ramloop[9].ram.r/s6_noinit.ram/SDP.SIMPLE_PRIM18.ram'
	#76
select -k comp 'fifo_inst_4kB/U0/xst_fifo_generator/gconvfifo.rf/grf.rf/gntv_or_sync_fifo.mem/gbm.gbmg.gbmga.ngecc.bmg/gnativebmg.native_blk_mem_gen/valid.cstr/ramloop[10].ram.r/s6_noinit.ram/SDP.SIMPLE_PRIM18.ram'
	#77
select -k comp 'fifo_inst_4kB/U0/xst_fifo_generator/gconvfifo.rf/grf.rf/gntv_or_sync_fifo.mem/gbm.gbmg.gbmga.ngecc.bmg/gnativebmg.native_blk_mem_gen/valid.cstr/ramloop[11].ram.r/s6_noinit.ram/SDP.SIMPLE_PRIM18.ram'
	#78
select -k comp 'fifo_inst_4kB/U0/xst_fifo_generator/gconvfifo.rf/grf.rf/gntv_or_sync_fifo.mem/gbm.gbmg.gbmga.ngecc.bmg/gnativebmg.native_blk_mem_gen/valid.cstr/ramloop[12].ram.r/s6_noinit.ram/SDP.SIMPLE_PRIM18.ram'
	#79
select -k comp 'fifo_inst_4kB/U0/xst_fifo_generator/gconvfifo.rf/grf.rf/gntv_or_sync_fifo.mem/gbm.gbmg.gbmga.ngecc.bmg/gnativebmg.native_blk_mem_gen/valid.cstr/ramloop[13].ram.r/s6_noinit.ram/SDP.SIMPLE_PRIM18.ram'
	#80
select -k comp 'fifo_inst_4kB/U0/xst_fifo_generator/gconvfifo.rf/grf.rf/gntv_or_sync_fifo.mem/gbm.gbmg.gbmga.ngecc.bmg/gnativebmg.native_blk_mem_gen/valid.cstr/ramloop[14].ram.r/s6_noinit.ram/SDP.SIMPLE_PRIM18.ram'
	#81
select -k comp 'fifo_inst_4kB/U0/xst_fifo_generator/gconvfifo.rf/grf.rf/gntv_or_sync_fifo.mem/gbm.gbmg.gbmga.ngecc.bmg/gnativebmg.native_blk_mem_gen/valid.cstr/ramloop[15].ram.r/s6_noinit.ram/SDP.SIMPLE_PRIM18.ram'
	#82
select -k comp 'fifo_inst_4kB/U0/xst_fifo_generator/gconvfifo.rf/grf.rf/gntv_or_sync_fifo.mem/tmp_ram_rd_en'
	#83
select -k comp 'fifo_inst_4kB/U0/xst_fifo_generator/gconvfifo.rf/grf.rf/ram_wr_en'
	#84
select -k comp 'fifo_inst_4kB/U0/xst_fifo_generator/gconvfifo.rf/grf.rf/rstblk/grstd1.grst_full.rst_d3'
	#85
select -k comp 'fifo_inst_4kB/U0/xst_fifo_generator/gconvfifo.rf/grf.rf/rstblk/ngwrdrst.grst.rd_rst_reg<2>'
	#86
select -k comp 'fifo_inst_4kB/U0/xst_fifo_generator/gconvfifo.rf/grf.rf/rstblk/ngwrdrst.grst.wr_rst_reg<1>'
	#87
select -k comp 'fifo_inst_4kB/U0/xst_fifo_generator/gconvfifo.rf/grf.rf/rstblk/rd_rst_asreg_d2'
	#88
select -k comp 'fifo_inst_4kB/U0/xst_fifo_generator/gconvfifo.rf/grf.rf/rstblk/rd_rst_comb'
	#89
select -k comp 'fifo_inst_4kB/U0/xst_fifo_generator/gconvfifo.rf/grf.rf/rstblk/RST_FULL_GEN'
	#90
select -k comp 'fifo_inst_4kB/U0/xst_fifo_generator/gconvfifo.rf/grf.rf/rstblk/wr_rst_asreg_d2'
	#91
select -k comp 'fifo_inst_4kB/U0/xst_fifo_generator/gconvfifo.rf/grf.rf/rstblk/wr_rst_comb'
	#92
unselect comp 'fifo_inst_4kB/U0/xst_fifo_generator/gconvfifo.rf/grf.rf/gntv_or_sync_fifo.gcx.clkx/gsync_stage[1].rd_stg_inst/D<5>'
	#93
unselect comp 'fifo_inst_4kB/U0/xst_fifo_generator/gconvfifo.rf/grf.rf/gntv_or_sync_fifo.gcx.clkx/gsync_stage[1].rd_stg_inst/D<12>'
	#94
unselect comp 'fifo_inst_4kB/U0/xst_fifo_generator/gconvfifo.rf/grf.rf/gntv_or_sync_fifo.gcx.clkx/gsync_stage[1].wr_stg_inst/D<5>'
	#95
unselect comp 'fifo_inst_4kB/U0/xst_fifo_generator/gconvfifo.rf/grf.rf/gntv_or_sync_fifo.gcx.clkx/gsync_stage[1].wr_stg_inst/D<12>'
	#96
unselect comp 'fifo_inst_4kB/U0/xst_fifo_generator/gconvfifo.rf/grf.rf/gntv_or_sync_fifo.gcx.clkx/gsync_stage[2].rd_stg_inst/D<3>'
	#97
unselect comp 'fifo_inst_4kB/U0/xst_fifo_generator/gconvfifo.rf/grf.rf/gntv_or_sync_fifo.gcx.clkx/gsync_stage[2].rd_stg_inst/D<11>'
	#98
unselect comp 'fifo_inst_4kB/U0/xst_fifo_generator/gconvfifo.rf/grf.rf/gntv_or_sync_fifo.gcx.clkx/gsync_stage[2].rd_stg_inst/Q_reg<3>'
	#99
unselect comp 'fifo_inst_4kB/U0/xst_fifo_generator/gconvfifo.rf/grf.rf/gntv_or_sync_fifo.gcx.clkx/gsync_stage[2].rd_stg_inst/Q_reg<7>'
	#100
unselect comp 'fifo_inst_4kB/U0/xst_fifo_generator/gconvfifo.rf/grf.rf/gntv_or_sync_fifo.gcx.clkx/gsync_stage[2].rd_stg_inst/Q_reg<11>'
	#101
unselect comp 'fifo_inst_4kB/U0/xst_fifo_generator/gconvfifo.rf/grf.rf/gntv_or_sync_fifo.gcx.clkx/gsync_stage[2].wr_stg_inst/D<3>'
	#102
unselect comp 'fifo_inst_4kB/U0/xst_fifo_generator/gconvfifo.rf/grf.rf/gntv_or_sync_fifo.gcx.clkx/gsync_stage[2].wr_stg_inst/D<7>'
	#103
unselect comp 'fifo_inst_4kB/U0/xst_fifo_generator/gconvfifo.rf/grf.rf/gntv_or_sync_fifo.gcx.clkx/gsync_stage[2].wr_stg_inst/D<14>'
	#104
unselect comp 'fifo_inst_4kB/U0/xst_fifo_generator/gconvfifo.rf/grf.rf/gntv_or_sync_fifo.gcx.clkx/gsync_stage[2].wr_stg_inst/Q_reg<3>'
	#105
unselect comp 'fifo_inst_4kB/U0/xst_fifo_generator/gconvfifo.rf/grf.rf/gntv_or_sync_fifo.gcx.clkx/gsync_stage[2].wr_stg_inst/Q_reg<11>'
	#106
unselect comp 'fifo_inst_4kB/U0/xst_fifo_generator/gconvfifo.rf/grf.rf/gntv_or_sync_fifo.gcx.clkx/gsync_stage[2].wr_stg_inst/Q_reg<14>'
	#107
unselect comp 'fifo_inst_4kB/U0/xst_fifo_generator/gconvfifo.rf/grf.rf/gntv_or_sync_fifo.gcx.clkx/rd_pntr_bin<4>'
	#108
unselect comp 'fifo_inst_4kB/U0/xst_fifo_generator/gconvfifo.rf/grf.rf/gntv_or_sync_fifo.gcx.clkx/rd_pntr_bin<5>'
	#109
unselect comp 'fifo_inst_4kB/U0/xst_fifo_generator/gconvfifo.rf/grf.rf/gntv_or_sync_fifo.gcx.clkx/rd_pntr_bin<9>'
	#110
unselect comp 'fifo_inst_4kB/U0/xst_fifo_generator/gconvfifo.rf/grf.rf/gntv_or_sync_fifo.gcx.clkx/rd_pntr_bin<14>'
	#111
unselect comp 'fifo_inst_4kB/U0/xst_fifo_generator/gconvfifo.rf/grf.rf/gntv_or_sync_fifo.gcx.clkx/wr_pntr_bin<2>'
	#112
unselect comp 'fifo_inst_4kB/U0/xst_fifo_generator/gconvfifo.rf/grf.rf/gntv_or_sync_fifo.gcx.clkx/wr_pntr_bin<3>'
	#113
unselect comp 'fifo_inst_4kB/U0/xst_fifo_generator/gconvfifo.rf/grf.rf/gntv_or_sync_fifo.gcx.clkx/wr_pntr_bin<7>'
	#114
unselect comp 'fifo_inst_4kB/U0/xst_fifo_generator/gconvfifo.rf/grf.rf/gntv_or_sync_fifo.gcx.clkx/wr_pntr_bin<12>'
	#115
unselect comp 'fifo_inst_4kB/U0/xst_fifo_generator/gconvfifo.rf/grf.rf/gntv_or_sync_fifo.gcx.clkx/wr_pntr_gc_asreg_last[12]_reduce_xor_161_xo<0>'
	#116
unselect comp 'fifo_inst_4kB/U0/xst_fifo_generator/gconvfifo.rf/grf.rf/gntv_or_sync_fifo.gl0.rd/gr1.rfwft/aempty_fwft_fb'
	#117
unselect comp 'fifo_inst_4kB/U0/xst_fifo_generator/gconvfifo.rf/grf.rf/gntv_or_sync_fifo.gl0.rd/gr1.rfwft/aempty_fwft_i'
	#118
unselect comp 'fifo_inst_4kB/U0/xst_fifo_generator/gconvfifo.rf/grf.rf/gntv_or_sync_fifo.gl0.rd/gr1.rfwft/empty_fwft_fb'
	#119
unselect comp 'fifo_inst_4kB/U0/xst_fifo_generator/gconvfifo.rf/grf.rf/gntv_or_sync_fifo.gl0.rd/gr1.rfwft/empty_fwft_i'
	#120
unselect comp 'fifo_inst_4kB/U0/xst_fifo_generator/gconvfifo.rf/grf.rf/gntv_or_sync_fifo.gl0.rd/gras.rsts/c0/gmux.carrynet<3>'
	#121
unselect comp 'fifo_inst_4kB/U0/xst_fifo_generator/gconvfifo.rf/grf.rf/gntv_or_sync_fifo.gl0.rd/gras.rsts/c1/gmux.carrynet<3>'
	#122
unselect comp 'fifo_inst_4kB/U0/xst_fifo_generator/gconvfifo.rf/grf.rf/gntv_or_sync_fifo.gl0.rd/gras.rsts/comp0'
	#123
unselect comp 'fifo_inst_4kB/U0/xst_fifo_generator/gconvfifo.rf/grf.rf/gntv_or_sync_fifo.gl0.rd/gras.rsts/comp1'
	#124
unselect comp 'fifo_inst_4kB/U0/xst_fifo_generator/gconvfifo.rf/grf.rf/gntv_or_sync_fifo.gl0.rd/rpntr/gc1.count<3>'
	#125
unselect comp 'fifo_inst_4kB/U0/xst_fifo_generator/gconvfifo.rf/grf.rf/gntv_or_sync_fifo.gl0.rd/rpntr/gc1.count<7>'
	#126
unselect comp 'fifo_inst_4kB/U0/xst_fifo_generator/gconvfifo.rf/grf.rf/gntv_or_sync_fifo.gl0.rd/rpntr/gc1.count<11>'
	#127
unselect comp 'fifo_inst_4kB/U0/xst_fifo_generator/gconvfifo.rf/grf.rf/gntv_or_sync_fifo.gl0.rd/rpntr/gc1.count<14>'
	#128
unselect comp 'fifo_inst_4kB/U0/xst_fifo_generator/gconvfifo.rf/grf.rf/gntv_or_sync_fifo.gl0.rd/rpntr/gc1.count_d1<5>'
	#129
unselect comp 'fifo_inst_4kB/U0/xst_fifo_generator/gconvfifo.rf/grf.rf/gntv_or_sync_fifo.gl0.rd/rpntr/gc1.count_d1<13>'
	#130
unselect comp 'fifo_inst_4kB/U0/xst_fifo_generator/gconvfifo.rf/grf.rf/gntv_or_sync_fifo.gl0.rd/rpntr/gc1.count_d1<14>'
	#131
unselect comp 'fifo_inst_4kB/U0/xst_fifo_generator/gconvfifo.rf/grf.rf/gntv_or_sync_fifo.gl0.rd/rpntr/gc1.count_d2<4>'
	#132
unselect comp 'fifo_inst_4kB/U0/xst_fifo_generator/gconvfifo.rf/grf.rf/gntv_or_sync_fifo.gl0.rd/rpntr/gc1.count_d2<8>'
	#133
unselect comp 'fifo_inst_4kB/U0/xst_fifo_generator/gconvfifo.rf/grf.rf/gntv_or_sync_fifo.gl0.rd/rpntr/gc1.count_d2<12>'
	#134
unselect comp 'fifo_inst_4kB/U0/xst_fifo_generator/gconvfifo.rf/grf.rf/gntv_or_sync_fifo.gl0.wr/gwas.wsts/c1/gmux.carrynet<3>'
	#135
unselect comp 'fifo_inst_4kB/U0/xst_fifo_generator/gconvfifo.rf/grf.rf/gntv_or_sync_fifo.gl0.wr/gwas.wsts/c2/gmux.carrynet<3>'
	#136
unselect comp 'fifo_inst_4kB/U0/xst_fifo_generator/gconvfifo.rf/grf.rf/gntv_or_sync_fifo.gl0.wr/gwas.wsts/comp1'
	#137
unselect comp 'fifo_inst_4kB/U0/xst_fifo_generator/gconvfifo.rf/grf.rf/gntv_or_sync_fifo.gl0.wr/gwas.wsts/comp1_GND_321_o_MUX_50_o'
	#138
unselect comp 'fifo_inst_4kB/U0/xst_fifo_generator/gconvfifo.rf/grf.rf/gntv_or_sync_fifo.gl0.wr/gwas.wsts/ram_full_fb_i'
	#139
unselect comp 'fifo_inst_4kB/U0/xst_fifo_generator/gconvfifo.rf/grf.rf/gntv_or_sync_fifo.gl0.wr/gwas.wsts/ram_full_i'
	#140
unselect comp 'fifo_inst_4kB/U0/xst_fifo_generator/gconvfifo.rf/grf.rf/gntv_or_sync_fifo.gl0.wr/ram_wr_en_i1'
	#141
unselect comp 'fifo_inst_4kB/U0/xst_fifo_generator/gconvfifo.rf/grf.rf/gntv_or_sync_fifo.gl0.wr/wpntr/gic0.gc0.count<3>'
	#142
unselect comp 'fifo_inst_4kB/U0/xst_fifo_generator/gconvfifo.rf/grf.rf/gntv_or_sync_fifo.gl0.wr/wpntr/gic0.gc0.count<7>'
	#143
unselect comp 'fifo_inst_4kB/U0/xst_fifo_generator/gconvfifo.rf/grf.rf/gntv_or_sync_fifo.gl0.wr/wpntr/gic0.gc0.count<11>'
	#144
unselect comp 'fifo_inst_4kB/U0/xst_fifo_generator/gconvfifo.rf/grf.rf/gntv_or_sync_fifo.gl0.wr/wpntr/gic0.gc0.count<12>'
	#145
unselect comp 'fifo_inst_4kB/U0/xst_fifo_generator/gconvfifo.rf/grf.rf/gntv_or_sync_fifo.gl0.wr/wpntr/gic0.gc0.count_d1<0>'
	#146
unselect comp 'fifo_inst_4kB/U0/xst_fifo_generator/gconvfifo.rf/grf.rf/gntv_or_sync_fifo.gl0.wr/wpntr/gic0.gc0.count_d1<4>'
	#147
unselect comp 'fifo_inst_4kB/U0/xst_fifo_generator/gconvfifo.rf/grf.rf/gntv_or_sync_fifo.gl0.wr/wpntr/gic0.gc0.count_d1<8>'
	#148
unselect comp 'fifo_inst_4kB/U0/xst_fifo_generator/gconvfifo.rf/grf.rf/gntv_or_sync_fifo.gl0.wr/wpntr/gic0.gc0.count_d2<9>'
	#149
unselect comp 'fifo_inst_4kB/U0/xst_fifo_generator/gconvfifo.rf/grf.rf/gntv_or_sync_fifo.gl0.wr/wpntr/gic0.gc0.count_d2<12>'
	#150
unselect comp 'fifo_inst_4kB/U0/xst_fifo_generator/gconvfifo.rf/grf.rf/gntv_or_sync_fifo.gl0.wr/wr_pntr_plus2<1>_inv'
	#151
unselect comp 'fifo_inst_4kB/U0/xst_fifo_generator/gconvfifo.rf/grf.rf/gntv_or_sync_fifo.mem/gbm.gbmg.gbmga.ngecc.bmg/gnativebmg.native_blk_mem_gen/valid.cstr/has_mux_b.B/sel_pipe<1>'
	#152
unselect comp 'fifo_inst_4kB/U0/xst_fifo_generator/gconvfifo.rf/grf.rf/gntv_or_sync_fifo.mem/gbm.gbmg.gbmga.ngecc.bmg/gnativebmg.native_blk_mem_gen/valid.cstr/ramloop[0].ram.r/s6_noinit.ram/SDP.SIMPLE_PRIM18.ram'
	#153
unselect comp 'fifo_inst_4kB/U0/xst_fifo_generator/gconvfifo.rf/grf.rf/gntv_or_sync_fifo.mem/gbm.gbmg.gbmga.ngecc.bmg/gnativebmg.native_blk_mem_gen/valid.cstr/ramloop[0].ram.ram_ena'
	#154
unselect comp 'fifo_inst_4kB/U0/xst_fifo_generator/gconvfifo.rf/grf.rf/gntv_or_sync_fifo.mem/gbm.gbmg.gbmga.ngecc.bmg/gnativebmg.native_blk_mem_gen/valid.cstr/ramloop[1].ram.r/s6_noinit.ram/SDP.SIMPLE_PRIM18.ram'
	#155
unselect comp 'fifo_inst_4kB/U0/xst_fifo_generator/gconvfifo.rf/grf.rf/gntv_or_sync_fifo.mem/gbm.gbmg.gbmga.ngecc.bmg/gnativebmg.native_blk_mem_gen/valid.cstr/ramloop[2].ram.r/s6_noinit.ram/SDP.SIMPLE_PRIM18.ram'
	#156
unselect comp 'fifo_inst_4kB/U0/xst_fifo_generator/gconvfifo.rf/grf.rf/gntv_or_sync_fifo.mem/gbm.gbmg.gbmga.ngecc.bmg/gnativebmg.native_blk_mem_gen/valid.cstr/ramloop[3].ram.r/s6_noinit.ram/SDP.SIMPLE_PRIM18.ram'
	#157
unselect comp 'fifo_inst_4kB/U0/xst_fifo_generator/gconvfifo.rf/grf.rf/gntv_or_sync_fifo.mem/gbm.gbmg.gbmga.ngecc.bmg/gnativebmg.native_blk_mem_gen/valid.cstr/ramloop[4].ram.r/s6_noinit.ram/SDP.SIMPLE_PRIM18.ram'
	#158
unselect comp 'fifo_inst_4kB/U0/xst_fifo_generator/gconvfifo.rf/grf.rf/gntv_or_sync_fifo.mem/gbm.gbmg.gbmga.ngecc.bmg/gnativebmg.native_blk_mem_gen/valid.cstr/ramloop[5].ram.r/s6_noinit.ram/SDP.SIMPLE_PRIM18.ram'
	#159
unselect comp 'fifo_inst_4kB/U0/xst_fifo_generator/gconvfifo.rf/grf.rf/gntv_or_sync_fifo.mem/gbm.gbmg.gbmga.ngecc.bmg/gnativebmg.native_blk_mem_gen/valid.cstr/ramloop[6].ram.r/s6_noinit.ram/SDP.SIMPLE_PRIM18.ram'
	#160
unselect comp 'fifo_inst_4kB/U0/xst_fifo_generator/gconvfifo.rf/grf.rf/gntv_or_sync_fifo.mem/gbm.gbmg.gbmga.ngecc.bmg/gnativebmg.native_blk_mem_gen/valid.cstr/ramloop[7].ram.r/s6_noinit.ram/SDP.SIMPLE_PRIM18.ram'
	#161
unselect comp 'fifo_inst_4kB/U0/xst_fifo_generator/gconvfifo.rf/grf.rf/gntv_or_sync_fifo.mem/gbm.gbmg.gbmga.ngecc.bmg/gnativebmg.native_blk_mem_gen/valid.cstr/ramloop[8].ram.r/s6_noinit.ram/SDP.SIMPLE_PRIM18.ram'
	#162
unselect comp 'fifo_inst_4kB/U0/xst_fifo_generator/gconvfifo.rf/grf.rf/gntv_or_sync_fifo.mem/gbm.gbmg.gbmga.ngecc.bmg/gnativebmg.native_blk_mem_gen/valid.cstr/ramloop[9].ram.r/s6_noinit.ram/SDP.SIMPLE_PRIM18.ram'
	#163
unselect comp 'fifo_inst_4kB/U0/xst_fifo_generator/gconvfifo.rf/grf.rf/gntv_or_sync_fifo.mem/gbm.gbmg.gbmga.ngecc.bmg/gnativebmg.native_blk_mem_gen/valid.cstr/ramloop[10].ram.r/s6_noinit.ram/SDP.SIMPLE_PRIM18.ram'
	#164
unselect comp 'fifo_inst_4kB/U0/xst_fifo_generator/gconvfifo.rf/grf.rf/gntv_or_sync_fifo.mem/gbm.gbmg.gbmga.ngecc.bmg/gnativebmg.native_blk_mem_gen/valid.cstr/ramloop[11].ram.r/s6_noinit.ram/SDP.SIMPLE_PRIM18.ram'
	#165
unselect comp 'fifo_inst_4kB/U0/xst_fifo_generator/gconvfifo.rf/grf.rf/gntv_or_sync_fifo.mem/gbm.gbmg.gbmga.ngecc.bmg/gnativebmg.native_blk_mem_gen/valid.cstr/ramloop[12].ram.r/s6_noinit.ram/SDP.SIMPLE_PRIM18.ram'
	#166
unselect comp 'fifo_inst_4kB/U0/xst_fifo_generator/gconvfifo.rf/grf.rf/gntv_or_sync_fifo.mem/gbm.gbmg.gbmga.ngecc.bmg/gnativebmg.native_blk_mem_gen/valid.cstr/ramloop[13].ram.r/s6_noinit.ram/SDP.SIMPLE_PRIM18.ram'
	#167
unselect comp 'fifo_inst_4kB/U0/xst_fifo_generator/gconvfifo.rf/grf.rf/gntv_or_sync_fifo.mem/gbm.gbmg.gbmga.ngecc.bmg/gnativebmg.native_blk_mem_gen/valid.cstr/ramloop[14].ram.r/s6_noinit.ram/SDP.SIMPLE_PRIM18.ram'
	#168
unselect comp 'fifo_inst_4kB/U0/xst_fifo_generator/gconvfifo.rf/grf.rf/gntv_or_sync_fifo.mem/gbm.gbmg.gbmga.ngecc.bmg/gnativebmg.native_blk_mem_gen/valid.cstr/ramloop[15].ram.r/s6_noinit.ram/SDP.SIMPLE_PRIM18.ram'
	#169
unselect comp 'fifo_inst_4kB/U0/xst_fifo_generator/gconvfifo.rf/grf.rf/gntv_or_sync_fifo.mem/tmp_ram_rd_en'
	#170
unselect comp 'fifo_inst_4kB/U0/xst_fifo_generator/gconvfifo.rf/grf.rf/ram_wr_en'
	#171
unselect comp 'fifo_inst_4kB/U0/xst_fifo_generator/gconvfifo.rf/grf.rf/rstblk/grstd1.grst_full.rst_d3'
	#172
unselect comp 'fifo_inst_4kB/U0/xst_fifo_generator/gconvfifo.rf/grf.rf/rstblk/ngwrdrst.grst.rd_rst_reg<2>'
	#173
unselect comp 'fifo_inst_4kB/U0/xst_fifo_generator/gconvfifo.rf/grf.rf/rstblk/ngwrdrst.grst.wr_rst_reg<1>'
	#174
unselect comp 'fifo_inst_4kB/U0/xst_fifo_generator/gconvfifo.rf/grf.rf/rstblk/rd_rst_asreg_d2'
	#175
unselect comp 'fifo_inst_4kB/U0/xst_fifo_generator/gconvfifo.rf/grf.rf/rstblk/rd_rst_comb'
	#176
unselect comp 'fifo_inst_4kB/U0/xst_fifo_generator/gconvfifo.rf/grf.rf/rstblk/RST_FULL_GEN'
	#177
unselect comp 'fifo_inst_4kB/U0/xst_fifo_generator/gconvfifo.rf/grf.rf/rstblk/wr_rst_asreg_d2'
	#178
unselect comp 'fifo_inst_4kB/U0/xst_fifo_generator/gconvfifo.rf/grf.rf/rstblk/wr_rst_comb'
	#179
select -k comp 'fifo_dout_valid'
	#180
unselect comp 'fifo_dout_valid_OBUF'
	#181
unselect comp 'fifo_dout_valid'
	#182
select -k comp 'fifo_clk_OBUF'
	#183
unselect comp 'fifo_clk_OBUF'
	#184
select -k comp 'fifo_clk'
	#185
select -k comp 'fifo_clk_OBUF'
	#186
select -k comp 'fifo_dout_valid'
	#187
select -k comp 'fifo_dout_valid_OBUF'
	#188
select -k comp 'fifo_inst_4kB/U0/xst_fifo_generator/gconvfifo.rf/grf.rf/gntv_or_sync_fifo.gcx.clkx/gsync_stage[1].rd_stg_inst/D<5>'
	#189
select -k comp 'fifo_inst_4kB/U0/xst_fifo_generator/gconvfifo.rf/grf.rf/gntv_or_sync_fifo.gcx.clkx/gsync_stage[1].rd_stg_inst/D<12>'
	#190
select -k comp 'fifo_inst_4kB/U0/xst_fifo_generator/gconvfifo.rf/grf.rf/gntv_or_sync_fifo.gcx.clkx/gsync_stage[1].wr_stg_inst/D<5>'
	#191
select -k comp 'fifo_inst_4kB/U0/xst_fifo_generator/gconvfifo.rf/grf.rf/gntv_or_sync_fifo.gcx.clkx/gsync_stage[1].wr_stg_inst/D<12>'
	#192
select -k comp 'fifo_inst_4kB/U0/xst_fifo_generator/gconvfifo.rf/grf.rf/gntv_or_sync_fifo.gcx.clkx/gsync_stage[2].rd_stg_inst/D<3>'
	#193
select -k comp 'fifo_inst_4kB/U0/xst_fifo_generator/gconvfifo.rf/grf.rf/gntv_or_sync_fifo.gcx.clkx/gsync_stage[2].rd_stg_inst/D<11>'
	#194
select -k comp 'fifo_inst_4kB/U0/xst_fifo_generator/gconvfifo.rf/grf.rf/gntv_or_sync_fifo.gcx.clkx/gsync_stage[2].rd_stg_inst/Q_reg<3>'
	#195
select -k comp 'fifo_inst_4kB/U0/xst_fifo_generator/gconvfifo.rf/grf.rf/gntv_or_sync_fifo.gcx.clkx/gsync_stage[2].rd_stg_inst/Q_reg<7>'
	#196
select -k comp 'fifo_inst_4kB/U0/xst_fifo_generator/gconvfifo.rf/grf.rf/gntv_or_sync_fifo.gcx.clkx/gsync_stage[2].rd_stg_inst/Q_reg<11>'
	#197
select -k comp 'fifo_inst_4kB/U0/xst_fifo_generator/gconvfifo.rf/grf.rf/gntv_or_sync_fifo.gcx.clkx/gsync_stage[2].wr_stg_inst/D<3>'
	#198
select -k comp 'fifo_inst_4kB/U0/xst_fifo_generator/gconvfifo.rf/grf.rf/gntv_or_sync_fifo.gcx.clkx/gsync_stage[2].wr_stg_inst/D<7>'
	#199
select -k comp 'fifo_inst_4kB/U0/xst_fifo_generator/gconvfifo.rf/grf.rf/gntv_or_sync_fifo.gcx.clkx/gsync_stage[2].wr_stg_inst/D<14>'
	#200
select -k comp 'fifo_inst_4kB/U0/xst_fifo_generator/gconvfifo.rf/grf.rf/gntv_or_sync_fifo.gcx.clkx/gsync_stage[2].wr_stg_inst/Q_reg<3>'
	#201
select -k comp 'fifo_inst_4kB/U0/xst_fifo_generator/gconvfifo.rf/grf.rf/gntv_or_sync_fifo.gcx.clkx/gsync_stage[2].wr_stg_inst/Q_reg<11>'
	#202
select -k comp 'fifo_inst_4kB/U0/xst_fifo_generator/gconvfifo.rf/grf.rf/gntv_or_sync_fifo.gcx.clkx/gsync_stage[2].wr_stg_inst/Q_reg<14>'
	#203
select -k comp 'fifo_inst_4kB/U0/xst_fifo_generator/gconvfifo.rf/grf.rf/gntv_or_sync_fifo.gcx.clkx/rd_pntr_bin<4>'
	#204
select -k comp 'fifo_inst_4kB/U0/xst_fifo_generator/gconvfifo.rf/grf.rf/gntv_or_sync_fifo.gcx.clkx/rd_pntr_bin<5>'
	#205
select -k comp 'fifo_inst_4kB/U0/xst_fifo_generator/gconvfifo.rf/grf.rf/gntv_or_sync_fifo.gcx.clkx/rd_pntr_bin<9>'
	#206
select -k comp 'fifo_inst_4kB/U0/xst_fifo_generator/gconvfifo.rf/grf.rf/gntv_or_sync_fifo.gcx.clkx/rd_pntr_bin<14>'
	#207
select -k comp 'fifo_inst_4kB/U0/xst_fifo_generator/gconvfifo.rf/grf.rf/gntv_or_sync_fifo.gcx.clkx/wr_pntr_bin<2>'
	#208
select -k comp 'fifo_inst_4kB/U0/xst_fifo_generator/gconvfifo.rf/grf.rf/gntv_or_sync_fifo.gcx.clkx/wr_pntr_bin<3>'
	#209
select -k comp 'fifo_inst_4kB/U0/xst_fifo_generator/gconvfifo.rf/grf.rf/gntv_or_sync_fifo.gcx.clkx/wr_pntr_bin<7>'
	#210
select -k comp 'fifo_inst_4kB/U0/xst_fifo_generator/gconvfifo.rf/grf.rf/gntv_or_sync_fifo.gcx.clkx/wr_pntr_bin<12>'
	#211
select -k comp 'fifo_inst_4kB/U0/xst_fifo_generator/gconvfifo.rf/grf.rf/gntv_or_sync_fifo.gcx.clkx/wr_pntr_gc_asreg_last[12]_reduce_xor_161_xo<0>'
	#212
select -k comp 'fifo_inst_4kB/U0/xst_fifo_generator/gconvfifo.rf/grf.rf/gntv_or_sync_fifo.gl0.rd/gr1.rfwft/aempty_fwft_fb'
	#213
select -k comp 'fifo_inst_4kB/U0/xst_fifo_generator/gconvfifo.rf/grf.rf/gntv_or_sync_fifo.gl0.rd/gr1.rfwft/aempty_fwft_i'
	#214
select -k comp 'fifo_inst_4kB/U0/xst_fifo_generator/gconvfifo.rf/grf.rf/gntv_or_sync_fifo.gl0.rd/gr1.rfwft/empty_fwft_fb'
	#215
select -k comp 'fifo_inst_4kB/U0/xst_fifo_generator/gconvfifo.rf/grf.rf/gntv_or_sync_fifo.gl0.rd/gr1.rfwft/empty_fwft_i'
	#216
select -k comp 'fifo_inst_4kB/U0/xst_fifo_generator/gconvfifo.rf/grf.rf/gntv_or_sync_fifo.gl0.rd/gras.rsts/c0/gmux.carrynet<3>'
	#217
select -k comp 'fifo_inst_4kB/U0/xst_fifo_generator/gconvfifo.rf/grf.rf/gntv_or_sync_fifo.gl0.rd/gras.rsts/c1/gmux.carrynet<3>'
	#218
select -k comp 'fifo_inst_4kB/U0/xst_fifo_generator/gconvfifo.rf/grf.rf/gntv_or_sync_fifo.gl0.rd/gras.rsts/comp0'
	#219
select -k comp 'fifo_inst_4kB/U0/xst_fifo_generator/gconvfifo.rf/grf.rf/gntv_or_sync_fifo.gl0.rd/gras.rsts/comp1'
	#220
select -k comp 'fifo_inst_4kB/U0/xst_fifo_generator/gconvfifo.rf/grf.rf/gntv_or_sync_fifo.gl0.rd/rpntr/gc1.count<3>'
	#221
select -k comp 'fifo_inst_4kB/U0/xst_fifo_generator/gconvfifo.rf/grf.rf/gntv_or_sync_fifo.gl0.rd/rpntr/gc1.count<7>'
	#222
select -k comp 'fifo_inst_4kB/U0/xst_fifo_generator/gconvfifo.rf/grf.rf/gntv_or_sync_fifo.gl0.rd/rpntr/gc1.count<11>'
	#223
select -k comp 'fifo_inst_4kB/U0/xst_fifo_generator/gconvfifo.rf/grf.rf/gntv_or_sync_fifo.gl0.rd/rpntr/gc1.count<14>'
	#224
select -k comp 'fifo_inst_4kB/U0/xst_fifo_generator/gconvfifo.rf/grf.rf/gntv_or_sync_fifo.gl0.rd/rpntr/gc1.count_d1<5>'
	#225
select -k comp 'fifo_inst_4kB/U0/xst_fifo_generator/gconvfifo.rf/grf.rf/gntv_or_sync_fifo.gl0.rd/rpntr/gc1.count_d1<13>'
	#226
select -k comp 'fifo_inst_4kB/U0/xst_fifo_generator/gconvfifo.rf/grf.rf/gntv_or_sync_fifo.gl0.rd/rpntr/gc1.count_d1<14>'
	#227
select -k comp 'fifo_inst_4kB/U0/xst_fifo_generator/gconvfifo.rf/grf.rf/gntv_or_sync_fifo.gl0.rd/rpntr/gc1.count_d2<4>'
	#228
select -k comp 'fifo_inst_4kB/U0/xst_fifo_generator/gconvfifo.rf/grf.rf/gntv_or_sync_fifo.gl0.rd/rpntr/gc1.count_d2<8>'
	#229
select -k comp 'fifo_inst_4kB/U0/xst_fifo_generator/gconvfifo.rf/grf.rf/gntv_or_sync_fifo.gl0.rd/rpntr/gc1.count_d2<12>'
	#230
select -k comp 'fifo_inst_4kB/U0/xst_fifo_generator/gconvfifo.rf/grf.rf/gntv_or_sync_fifo.gl0.wr/gwas.wsts/c1/gmux.carrynet<3>'
	#231
select -k comp 'fifo_inst_4kB/U0/xst_fifo_generator/gconvfifo.rf/grf.rf/gntv_or_sync_fifo.gl0.wr/gwas.wsts/c2/gmux.carrynet<3>'
	#232
select -k comp 'fifo_inst_4kB/U0/xst_fifo_generator/gconvfifo.rf/grf.rf/gntv_or_sync_fifo.gl0.wr/gwas.wsts/comp1'
	#233
select -k comp 'fifo_inst_4kB/U0/xst_fifo_generator/gconvfifo.rf/grf.rf/gntv_or_sync_fifo.gl0.wr/gwas.wsts/comp1_GND_321_o_MUX_50_o'
	#234
select -k comp 'fifo_inst_4kB/U0/xst_fifo_generator/gconvfifo.rf/grf.rf/gntv_or_sync_fifo.gl0.wr/gwas.wsts/ram_full_fb_i'
	#235
select -k comp 'fifo_inst_4kB/U0/xst_fifo_generator/gconvfifo.rf/grf.rf/gntv_or_sync_fifo.gl0.wr/gwas.wsts/ram_full_i'
	#236
select -k comp 'fifo_inst_4kB/U0/xst_fifo_generator/gconvfifo.rf/grf.rf/gntv_or_sync_fifo.gl0.wr/ram_wr_en_i1'
	#237
select -k comp 'fifo_inst_4kB/U0/xst_fifo_generator/gconvfifo.rf/grf.rf/gntv_or_sync_fifo.gl0.wr/wpntr/gic0.gc0.count<3>'
	#238
select -k comp 'fifo_inst_4kB/U0/xst_fifo_generator/gconvfifo.rf/grf.rf/gntv_or_sync_fifo.gl0.wr/wpntr/gic0.gc0.count<7>'
	#239
select -k comp 'fifo_inst_4kB/U0/xst_fifo_generator/gconvfifo.rf/grf.rf/gntv_or_sync_fifo.gl0.wr/wpntr/gic0.gc0.count<11>'
	#240
select -k comp 'fifo_inst_4kB/U0/xst_fifo_generator/gconvfifo.rf/grf.rf/gntv_or_sync_fifo.gl0.wr/wpntr/gic0.gc0.count<12>'
	#241
select -k comp 'fifo_inst_4kB/U0/xst_fifo_generator/gconvfifo.rf/grf.rf/gntv_or_sync_fifo.gl0.wr/wpntr/gic0.gc0.count_d1<0>'
	#242
select -k comp 'fifo_inst_4kB/U0/xst_fifo_generator/gconvfifo.rf/grf.rf/gntv_or_sync_fifo.gl0.wr/wpntr/gic0.gc0.count_d1<4>'
	#243
select -k comp 'fifo_inst_4kB/U0/xst_fifo_generator/gconvfifo.rf/grf.rf/gntv_or_sync_fifo.gl0.wr/wpntr/gic0.gc0.count_d1<8>'
	#244
select -k comp 'fifo_inst_4kB/U0/xst_fifo_generator/gconvfifo.rf/grf.rf/gntv_or_sync_fifo.gl0.wr/wpntr/gic0.gc0.count_d2<9>'
	#245
select -k comp 'fifo_inst_4kB/U0/xst_fifo_generator/gconvfifo.rf/grf.rf/gntv_or_sync_fifo.gl0.wr/wpntr/gic0.gc0.count_d2<12>'
	#246
select -k comp 'fifo_inst_4kB/U0/xst_fifo_generator/gconvfifo.rf/grf.rf/gntv_or_sync_fifo.gl0.wr/wr_pntr_plus2<1>_inv'
	#247
select -k comp 'fifo_inst_4kB/U0/xst_fifo_generator/gconvfifo.rf/grf.rf/gntv_or_sync_fifo.mem/gbm.gbmg.gbmga.ngecc.bmg/gnativebmg.native_blk_mem_gen/valid.cstr/has_mux_b.B/sel_pipe<1>'
	#248
select -k comp 'fifo_inst_4kB/U0/xst_fifo_generator/gconvfifo.rf/grf.rf/gntv_or_sync_fifo.mem/gbm.gbmg.gbmga.ngecc.bmg/gnativebmg.native_blk_mem_gen/valid.cstr/ramloop[0].ram.r/s6_noinit.ram/SDP.SIMPLE_PRIM18.ram'
	#249
select -k comp 'fifo_inst_4kB/U0/xst_fifo_generator/gconvfifo.rf/grf.rf/gntv_or_sync_fifo.mem/gbm.gbmg.gbmga.ngecc.bmg/gnativebmg.native_blk_mem_gen/valid.cstr/ramloop[0].ram.ram_ena'
	#250
select -k comp 'fifo_inst_4kB/U0/xst_fifo_generator/gconvfifo.rf/grf.rf/gntv_or_sync_fifo.mem/gbm.gbmg.gbmga.ngecc.bmg/gnativebmg.native_blk_mem_gen/valid.cstr/ramloop[1].ram.r/s6_noinit.ram/SDP.SIMPLE_PRIM18.ram'
	#251
select -k comp 'fifo_inst_4kB/U0/xst_fifo_generator/gconvfifo.rf/grf.rf/gntv_or_sync_fifo.mem/gbm.gbmg.gbmga.ngecc.bmg/gnativebmg.native_blk_mem_gen/valid.cstr/ramloop[2].ram.r/s6_noinit.ram/SDP.SIMPLE_PRIM18.ram'
	#252
select -k comp 'fifo_inst_4kB/U0/xst_fifo_generator/gconvfifo.rf/grf.rf/gntv_or_sync_fifo.mem/gbm.gbmg.gbmga.ngecc.bmg/gnativebmg.native_blk_mem_gen/valid.cstr/ramloop[3].ram.r/s6_noinit.ram/SDP.SIMPLE_PRIM18.ram'
	#253
select -k comp 'fifo_inst_4kB/U0/xst_fifo_generator/gconvfifo.rf/grf.rf/gntv_or_sync_fifo.mem/gbm.gbmg.gbmga.ngecc.bmg/gnativebmg.native_blk_mem_gen/valid.cstr/ramloop[4].ram.r/s6_noinit.ram/SDP.SIMPLE_PRIM18.ram'
	#254
select -k comp 'fifo_inst_4kB/U0/xst_fifo_generator/gconvfifo.rf/grf.rf/gntv_or_sync_fifo.mem/gbm.gbmg.gbmga.ngecc.bmg/gnativebmg.native_blk_mem_gen/valid.cstr/ramloop[5].ram.r/s6_noinit.ram/SDP.SIMPLE_PRIM18.ram'
	#255
select -k comp 'fifo_inst_4kB/U0/xst_fifo_generator/gconvfifo.rf/grf.rf/gntv_or_sync_fifo.mem/gbm.gbmg.gbmga.ngecc.bmg/gnativebmg.native_blk_mem_gen/valid.cstr/ramloop[6].ram.r/s6_noinit.ram/SDP.SIMPLE_PRIM18.ram'
	#256
select -k comp 'fifo_inst_4kB/U0/xst_fifo_generator/gconvfifo.rf/grf.rf/gntv_or_sync_fifo.mem/gbm.gbmg.gbmga.ngecc.bmg/gnativebmg.native_blk_mem_gen/valid.cstr/ramloop[7].ram.r/s6_noinit.ram/SDP.SIMPLE_PRIM18.ram'
	#257
select -k comp 'fifo_inst_4kB/U0/xst_fifo_generator/gconvfifo.rf/grf.rf/gntv_or_sync_fifo.mem/gbm.gbmg.gbmga.ngecc.bmg/gnativebmg.native_blk_mem_gen/valid.cstr/ramloop[8].ram.r/s6_noinit.ram/SDP.SIMPLE_PRIM18.ram'
	#258
select -k comp 'fifo_inst_4kB/U0/xst_fifo_generator/gconvfifo.rf/grf.rf/gntv_or_sync_fifo.mem/gbm.gbmg.gbmga.ngecc.bmg/gnativebmg.native_blk_mem_gen/valid.cstr/ramloop[9].ram.r/s6_noinit.ram/SDP.SIMPLE_PRIM18.ram'
	#259
select -k comp 'fifo_inst_4kB/U0/xst_fifo_generator/gconvfifo.rf/grf.rf/gntv_or_sync_fifo.mem/gbm.gbmg.gbmga.ngecc.bmg/gnativebmg.native_blk_mem_gen/valid.cstr/ramloop[10].ram.r/s6_noinit.ram/SDP.SIMPLE_PRIM18.ram'
	#260
select -k comp 'fifo_inst_4kB/U0/xst_fifo_generator/gconvfifo.rf/grf.rf/gntv_or_sync_fifo.mem/gbm.gbmg.gbmga.ngecc.bmg/gnativebmg.native_blk_mem_gen/valid.cstr/ramloop[11].ram.r/s6_noinit.ram/SDP.SIMPLE_PRIM18.ram'
	#261
select -k comp 'fifo_inst_4kB/U0/xst_fifo_generator/gconvfifo.rf/grf.rf/gntv_or_sync_fifo.mem/gbm.gbmg.gbmga.ngecc.bmg/gnativebmg.native_blk_mem_gen/valid.cstr/ramloop[12].ram.r/s6_noinit.ram/SDP.SIMPLE_PRIM18.ram'
	#262
select -k comp 'fifo_inst_4kB/U0/xst_fifo_generator/gconvfifo.rf/grf.rf/gntv_or_sync_fifo.mem/gbm.gbmg.gbmga.ngecc.bmg/gnativebmg.native_blk_mem_gen/valid.cstr/ramloop[13].ram.r/s6_noinit.ram/SDP.SIMPLE_PRIM18.ram'
	#263
select -k comp 'fifo_inst_4kB/U0/xst_fifo_generator/gconvfifo.rf/grf.rf/gntv_or_sync_fifo.mem/gbm.gbmg.gbmga.ngecc.bmg/gnativebmg.native_blk_mem_gen/valid.cstr/ramloop[14].ram.r/s6_noinit.ram/SDP.SIMPLE_PRIM18.ram'
	#264
select -k comp 'fifo_inst_4kB/U0/xst_fifo_generator/gconvfifo.rf/grf.rf/gntv_or_sync_fifo.mem/gbm.gbmg.gbmga.ngecc.bmg/gnativebmg.native_blk_mem_gen/valid.cstr/ramloop[15].ram.r/s6_noinit.ram/SDP.SIMPLE_PRIM18.ram'
	#265
select -k comp 'fifo_inst_4kB/U0/xst_fifo_generator/gconvfifo.rf/grf.rf/gntv_or_sync_fifo.mem/tmp_ram_rd_en'
	#266
select -k comp 'fifo_inst_4kB/U0/xst_fifo_generator/gconvfifo.rf/grf.rf/ram_wr_en'
	#267
select -k comp 'fifo_inst_4kB/U0/xst_fifo_generator/gconvfifo.rf/grf.rf/rstblk/grstd1.grst_full.rst_d3'
	#268
select -k comp 'fifo_inst_4kB/U0/xst_fifo_generator/gconvfifo.rf/grf.rf/rstblk/ngwrdrst.grst.rd_rst_reg<2>'
	#269
select -k comp 'fifo_inst_4kB/U0/xst_fifo_generator/gconvfifo.rf/grf.rf/rstblk/ngwrdrst.grst.wr_rst_reg<1>'
	#270
select -k comp 'fifo_inst_4kB/U0/xst_fifo_generator/gconvfifo.rf/grf.rf/rstblk/rd_rst_asreg_d2'
